{"/home/user/project/assets/asset-master-cleanup-cap/srv/email-service.js": {"path":"/home/user/project/assets/asset-master-cleanup-cap/srv/email-service.js","statementMap":{"0":{"start":{"line":12,"column":2},"end":{"line":12,"column":40}},"1":{"start":{"line":23,"column":18},"end":{"line":23,"column":87}},"2":{"start":{"line":25,"column":4},"end":{"line":27,"column":89}},"3":{"start":{"line":29,"column":2},"end":{"line":32,"column":3}},"4":{"start":{"line":30,"column":4},"end":{"line":30,"column":118}},"5":{"start":{"line":31,"column":4},"end":{"line":31,"column":11}},"6":{"start":{"line":34,"column":2},"end":{"line":34,"column":90}},"7":{"start":{"line":44,"column":18},"end":{"line":44,"column":98}},"8":{"start":{"line":46,"column":4},"end":{"line":48,"column":98}},"9":{"start":{"line":50,"column":2},"end":{"line":53,"column":3}},"10":{"start":{"line":51,"column":4},"end":{"line":51,"column":116}},"11":{"start":{"line":52,"column":4},"end":{"line":52,"column":11}},"12":{"start":{"line":55,"column":2},"end":{"line":55,"column":92}},"13":{"start":{"line":62,"column":14},"end":{"line":62,"column":43}},"14":{"start":{"line":63,"column":18},"end":{"line":70,"column":3}},"15":{"start":{"line":72,"column":18},"end":{"line":72,"column":56}},"16":{"start":{"line":73,"column":2},"end":{"line":75,"column":3}},"17":{"start":{"line":74,"column":4},"end":{"line":74,"column":75}},"18":{"start":{"line":77,"column":14},"end":{"line":77,"column":90}},"19":{"start":{"line":78,"column":2},"end":{"line":81,"column":3}},"20":{"start":{"line":79,"column":17},"end":{"line":79,"column":49}},"21":{"start":{"line":79,"column":46},"end":{"line":79,"column":48}},"22":{"start":{"line":80,"column":4},"end":{"line":80,"column":102}}},"fnMap":{"0":{"name":"isMockMode","decl":{"start":{"line":11,"column":9},"end":{"line":11,"column":19}},"loc":{"start":{"line":11,"column":22},"end":{"line":13,"column":1}},"line":11},"1":{"name":"sendScanAlert","decl":{"start":{"line":22,"column":22},"end":{"line":22,"column":35}},"loc":{"start":{"line":22,"column":81},"end":{"line":35,"column":1}},"line":22},"2":{"name":"sendApprovalRequest","decl":{"start":{"line":43,"column":22},"end":{"line":43,"column":41}},"loc":{"start":{"line":43,"column":71},"end":{"line":56,"column":1}},"line":43},"3":{"name":"_postAlert","decl":{"start":{"line":61,"column":15},"end":{"line":61,"column":25}},"loc":{"start":{"line":61,"column":63},"end":{"line":82,"column":1}},"line":61},"4":{"name":"(anonymous_4)","decl":{"start":{"line":79,"column":40},"end":{"line":79,"column":41}},"loc":{"start":{"line":79,"column":46},"end":{"line":79,"column":48}},"line":79}},"branchMap":{"0":{"loc":{"start":{"line":29,"column":2},"end":{"line":32,"column":3}},"type":"if","locations":[{"start":{"line":29,"column":2},"end":{"line":32,"column":3}},{"start":{},"end":{}}],"line":29},"1":{"loc":{"start":{"line":50,"column":2},"end":{"line":53,"column":3}},"type":"if","locations":[{"start":{"line":50,"column":2},"end":{"line":53,"column":3}},{"start":{},"end":{}}],"line":50},"2":{"loc":{"start":{"line":73,"column":2},"end":{"line":75,"column":3}},"type":"if","locations":[{"start":{"line":73,"column":2},"end":{"line":75,"column":3}},{"start":{},"end":{}}],"line":73},"3":{"loc":{"start":{"line":78,"column":2},"end":{"line":81,"column":3}},"type":"if","locations":[{"start":{"line":78,"column":2},"end":{"line":81,"column":3}},{"start":{},"end":{}}],"line":78}},"s":{"0":2,"1":2,"2":2,"3":2,"4":2,"5":2,"6":0,"7":0,"8":0,"9":0,"10":0,"11":0,"12":0,"13":0,"14":0,"15":0,"16":0,"17":0,"18":0,"19":0,"20":0,"21":0,"22":0},"f":{"0":2,"1":2,"2":0,"3":0,"4":0},"b":{"0":[2,0],"1":[0,0],"2":[0,0],"3":[0,0]},"_coverageSchema":"1a1c01bbd47fc00a2c39e90264f33305004495a9","hash":"5aa3b4a807652144104e2c25e24e619c95175ba2"}
,"/home/user/project/assets/asset-master-cleanup-cap/srv/monitoring-service.js": {"path":"/home/user/project/assets/asset-master-cleanup-cap/srv/monitoring-service.js","statementMap":{"0":{"start":{"line":5,"column":22},"end":{"line":5,"column":85}},"1":{"start":{"line":10,"column":84},"end":{"line":10,"column":97}},"2":{"start":{"line":15,"column":4},"end":{"line":51,"column":7}},"3":{"start":{"line":16,"column":24},"end":{"line":16,"column":40}},"4":{"start":{"line":17,"column":19},"end":{"line":17,"column":46}},"5":{"start":{"line":19,"column":6},"end":{"line":26,"column":9}},"6":{"start":{"line":28,"column":6},"end":{"line":28,"column":160}},"7":{"start":{"line":30,"column":6},"end":{"line":48,"column":7}},"8":{"start":{"line":31,"column":39},"end":{"line":31,"column":86}},"9":{"start":{"line":33,"column":8},"end":{"line":36,"column":11}},"10":{"start":{"line":38,"column":8},"end":{"line":42,"column":9}},"11":{"start":{"line":39,"column":29},"end":{"line":39,"column":132}},"12":{"start":{"line":40,"column":25},"end":{"line":40,"column":53}},"13":{"start":{"line":40,"column":45},"end":{"line":40,"column":52}},"14":{"start":{"line":41,"column":10},"end":{"line":41,"column":94}},"15":{"start":{"line":41,"column":33},"end":{"line":41,"column":94}},"16":{"start":{"line":44,"column":8},"end":{"line":44,"column":76}},"17":{"start":{"line":45,"column":8},"end":{"line":45,"column":121}},"18":{"start":{"line":46,"column":8},"end":{"line":46,"column":146}},"19":{"start":{"line":47,"column":8},"end":{"line":47,"column":62}},"20":{"start":{"line":50,"column":6},"end":{"line":50,"column":27}},"21":{"start":{"line":56,"column":4},"end":{"line":73,"column":7}},"22":{"start":{"line":57,"column":50},"end":{"line":57,"column":58}},"23":{"start":{"line":58,"column":19},"end":{"line":58,"column":46}},"24":{"start":{"line":60,"column":6},"end":{"line":62,"column":7}},"25":{"start":{"line":61,"column":8},"end":{"line":61,"column":106}},"26":{"start":{"line":64,"column":16},"end":{"line":66,"column":113}},"27":{"start":{"line":68,"column":6},"end":{"line":68,"column":89}},"28":{"start":{"line":68,"column":14},"end":{"line":68,"column":89}},"29":{"start":{"line":70,"column":6},"end":{"line":70,"column":171}},"30":{"start":{"line":72,"column":6},"end":{"line":72,"column":31}},"31":{"start":{"line":78,"column":4},"end":{"line":101,"column":7}},"32":{"start":{"line":79,"column":51},"end":{"line":79,"column":59}},"33":{"start":{"line":80,"column":19},"end":{"line":80,"column":46}},"34":{"start":{"line":82,"column":6},"end":{"line":84,"column":7}},"35":{"start":{"line":83,"column":8},"end":{"line":83,"column":62}},"36":{"start":{"line":85,"column":6},"end":{"line":85,"column":82}},"37":{"start":{"line":85,"column":60},"end":{"line":85,"column":82}},"38":{"start":{"line":87,"column":20},"end":{"line":87,"column":21}},"39":{"start":{"line":88,"column":6},"end":{"line":93,"column":7}},"40":{"start":{"line":89,"column":18},"end":{"line":91,"column":115}},"41":{"start":{"line":92,"column":8},"end":{"line":92,"column":25}},"42":{"start":{"line":92,"column":15},"end":{"line":92,"column":25}},"43":{"start":{"line":95,"column":6},"end":{"line":98,"column":9}},"44":{"start":{"line":100,"column":6},"end":{"line":100,"column":25}},"45":{"start":{"line":106,"column":4},"end":{"line":120,"column":7}},"46":{"start":{"line":107,"column":33},"end":{"line":107,"column":41}},"47":{"start":{"line":108,"column":19},"end":{"line":108,"column":46}},"48":{"start":{"line":110,"column":16},"end":{"line":112,"column":85}},"49":{"start":{"line":114,"column":6},"end":{"line":114,"column":97}},"50":{"start":{"line":114,"column":14},"end":{"line":114,"column":97}},"51":{"start":{"line":116,"column":6},"end":{"line":116,"column":180}},"52":{"start":{"line":117,"column":6},"end":{"line":117,"column":127}},"53":{"start":{"line":119,"column":6},"end":{"line":119,"column":31}},"54":{"start":{"line":125,"column":4},"end":{"line":138,"column":7}},"55":{"start":{"line":126,"column":41},"end":{"line":126,"column":49}},"56":{"start":{"line":127,"column":19},"end":{"line":127,"column":46}},"57":{"start":{"line":129,"column":16},"end":{"line":131,"column":74}},"58":{"start":{"line":133,"column":6},"end":{"line":133,"column":97}},"59":{"start":{"line":133,"column":14},"end":{"line":133,"column":97}},"60":{"start":{"line":135,"column":6},"end":{"line":135,"column":189}},"61":{"start":{"line":137,"column":6},"end":{"line":137,"column":31}},"62":{"start":{"line":143,"column":4},"end":{"line":163,"column":7}},"63":{"start":{"line":144,"column":34},"end":{"line":144,"column":42}},"64":{"start":{"line":145,"column":19},"end":{"line":145,"column":46}},"65":{"start":{"line":147,"column":6},"end":{"line":147,"column":83}},"66":{"start":{"line":147,"column":60},"end":{"line":147,"column":83}},"67":{"start":{"line":149,"column":21},"end":{"line":149,"column":22}},"68":{"start":{"line":150,"column":6},"end":{"line":155,"column":7}},"69":{"start":{"line":151,"column":18},"end":{"line":153,"column":87}},"70":{"start":{"line":154,"column":8},"end":{"line":154,"column":26}},"71":{"start":{"line":154,"column":15},"end":{"line":154,"column":26}},"72":{"start":{"line":157,"column":6},"end":{"line":160,"column":9}},"73":{"start":{"line":162,"column":6},"end":{"line":162,"column":26}},"74":{"start":{"line":168,"column":4},"end":{"line":218,"column":7}},"75":{"start":{"line":169,"column":34},"end":{"line":169,"column":42}},"76":{"start":{"line":170,"column":19},"end":{"line":170,"column":46}},"77":{"start":{"line":172,"column":6},"end":{"line":172,"column":94}},"78":{"start":{"line":172,"column":60},"end":{"line":172,"column":94}},"79":{"start":{"line":174,"column":21},"end":{"line":176,"column":87}},"80":{"start":{"line":178,"column":21},"end":{"line":178,"column":22}},"81":{"start":{"line":179,"column":19},"end":{"line":179,"column":20}},"82":{"start":{"line":181,"column":6},"end":{"line":215,"column":7}},"83":{"start":{"line":182,"column":8},"end":{"line":214,"column":9}},"84":{"start":{"line":183,"column":25},"end":{"line":183,"column":75}},"85":{"start":{"line":186,"column":10},"end":{"line":190,"column":11}},"86":{"start":{"line":187,"column":12},"end":{"line":187,"column":114}},"87":{"start":{"line":189,"column":12},"end":{"line":189,"column":113}},"88":{"start":{"line":192,"column":10},"end":{"line":197,"column":13}},"89":{"start":{"line":199,"column":10},"end":{"line":199,"column":169}},"90":{"start":{"line":200,"column":10},"end":{"line":200,"column":140}},"91":{"start":{"line":201,"column":10},"end":{"line":201,"column":21}},"92":{"start":{"line":204,"column":10},"end":{"line":209,"column":13}},"93":{"start":{"line":211,"column":10},"end":{"line":211,"column":181}},"94":{"start":{"line":212,"column":10},"end":{"line":212,"column":108}},"95":{"start":{"line":213,"column":10},"end":{"line":213,"column":19}},"96":{"start":{"line":217,"column":6},"end":{"line":217,"column":34}},"97":{"start":{"line":220,"column":4},"end":{"line":220,"column":24}},"98":{"start":{"line":228,"column":25},"end":{"line":228,"column":38}},"99":{"start":{"line":229,"column":4},"end":{"line":237,"column":7}},"100":{"start":{"line":246,"column":25},"end":{"line":246,"column":38}},"101":{"start":{"line":247,"column":18},"end":{"line":249,"column":39}},"102":{"start":{"line":251,"column":4},"end":{"line":251,"column":84}},"103":{"start":{"line":251,"column":56},"end":{"line":251,"column":84}},"104":{"start":{"line":252,"column":4},"end":{"line":252,"column":82}},"105":{"start":{"line":252,"column":55},"end":{"line":252,"column":82}},"106":{"start":{"line":253,"column":4},"end":{"line":253,"column":31}}},"fnMap":{"0":{"name":"(anonymous_0)","decl":{"start":{"line":9,"column":2},"end":{"line":9,"column":3}},"loc":{"start":{"line":9,"column":15},"end":{"line":221,"column":3}},"line":9},"1":{"name":"(anonymous_1)","decl":{"start":{"line":15,"column":27},"end":{"line":15,"column":28}},"loc":{"start":{"line":15,"column":42},"end":{"line":51,"column":5}},"line":15},"2":{"name":"(anonymous_2)","decl":{"start":{"line":40,"column":40},"end":{"line":40,"column":41}},"loc":{"start":{"line":40,"column":45},"end":{"line":40,"column":52}},"line":40},"3":{"name":"(anonymous_3)","decl":{"start":{"line":56,"column":36},"end":{"line":56,"column":37}},"loc":{"start":{"line":56,"column":51},"end":{"line":73,"column":5}},"line":56},"4":{"name":"(anonymous_4)","decl":{"start":{"line":78,"column":40},"end":{"line":78,"column":41}},"loc":{"start":{"line":78,"column":55},"end":{"line":101,"column":5}},"line":78},"5":{"name":"(anonymous_5)","decl":{"start":{"line":106,"column":29},"end":{"line":106,"column":30}},"loc":{"start":{"line":106,"column":44},"end":{"line":120,"column":5}},"line":106},"6":{"name":"(anonymous_6)","decl":{"start":{"line":125,"column":28},"end":{"line":125,"column":29}},"loc":{"start":{"line":125,"column":43},"end":{"line":138,"column":5}},"line":125},"7":{"name":"(anonymous_7)","decl":{"start":{"line":143,"column":34},"end":{"line":143,"column":35}},"loc":{"start":{"line":143,"column":49},"end":{"line":163,"column":5}},"line":143},"8":{"name":"(anonymous_8)","decl":{"start":{"line":168,"column":38},"end":{"line":168,"column":39}},"loc":{"start":{"line":168,"column":53},"end":{"line":218,"column":5}},"line":168},"9":{"name":"(anonymous_9)","decl":{"start":{"line":227,"column":2},"end":{"line":227,"column":3}},"loc":{"start":{"line":227,"column":79},"end":{"line":238,"column":3}},"line":227},"10":{"name":"(anonymous_10)","decl":{"start":{"line":245,"column":2},"end":{"line":245,"column":3}},"loc":{"start":{"line":245,"column":54},"end":{"line":254,"column":3}},"line":245}},"branchMap":{"0":{"loc":{"start":{"line":17,"column":19},"end":{"line":17,"column":46}},"type":"binary-expr","locations":[{"start":{"line":17,"column":19},"end":{"line":17,"column":31}},{"start":{"line":17,"column":35},"end":{"line":17,"column":46}}],"line":17},"1":{"loc":{"start":{"line":38,"column":8},"end":{"line":42,"column":9}},"type":"if","locations":[{"start":{"line":38,"column":8},"end":{"line":42,"column":9}},{"start":{},"end":{}}],"line":38},"2":{"loc":{"start":{"line":41,"column":10},"end":{"line":41,"column":94}},"type":"if","locations":[{"start":{"line":41,"column":10},"end":{"line":41,"column":94}},{"start":{},"end":{}}],"line":41},"3":{"loc":{"start":{"line":58,"column":19},"end":{"line":58,"column":46}},"type":"binary-expr","locations":[{"start":{"line":58,"column":19},"end":{"line":58,"column":31}},{"start":{"line":58,"column":35},"end":{"line":58,"column":46}}],"line":58},"4":{"loc":{"start":{"line":60,"column":6},"end":{"line":62,"column":7}},"type":"if","locations":[{"start":{"line":60,"column":6},"end":{"line":62,"column":7}},{"start":{},"end":{}}],"line":60},"5":{"loc":{"start":{"line":66,"column":95},"end":{"line":66,"column":110}},"type":"binary-expr","locations":[{"start":{"line":66,"column":95},"end":{"line":66,"column":102}},{"start":{"line":66,"column":106},"end":{"line":66,"column":110}}],"line":66},"6":{"loc":{"start":{"line":68,"column":6},"end":{"line":68,"column":89}},"type":"if","locations":[{"start":{"line":68,"column":6},"end":{"line":68,"column":89}},{"start":{},"end":{}}],"line":68},"7":{"loc":{"start":{"line":80,"column":19},"end":{"line":80,"column":46}},"type":"binary-expr","locations":[{"start":{"line":80,"column":19},"end":{"line":80,"column":31}},{"start":{"line":80,"column":35},"end":{"line":80,"column":46}}],"line":80},"8":{"loc":{"start":{"line":82,"column":6},"end":{"line":84,"column":7}},"type":"if","locations":[{"start":{"line":82,"column":6},"end":{"line":84,"column":7}},{"start":{},"end":{}}],"line":82},"9":{"loc":{"start":{"line":85,"column":6},"end":{"line":85,"column":82}},"type":"if","locations":[{"start":{"line":85,"column":6},"end":{"line":85,"column":82}},{"start":{},"end":{}}],"line":85},"10":{"loc":{"start":{"line":85,"column":10},"end":{"line":85,"column":58}},"type":"binary-expr","locations":[{"start":{"line":85,"column":10},"end":{"line":85,"column":26}},{"start":{"line":85,"column":30},"end":{"line":85,"column":58}}],"line":85},"11":{"loc":{"start":{"line":91,"column":97},"end":{"line":91,"column":112}},"type":"binary-expr","locations":[{"start":{"line":91,"column":97},"end":{"line":91,"column":104}},{"start":{"line":91,"column":108},"end":{"line":91,"column":112}}],"line":91},"12":{"loc":{"start":{"line":92,"column":8},"end":{"line":92,"column":25}},"type":"if","locations":[{"start":{"line":92,"column":8},"end":{"line":92,"column":25}},{"start":{},"end":{}}],"line":92},"13":{"loc":{"start":{"line":108,"column":19},"end":{"line":108,"column":46}},"type":"binary-expr","locations":[{"start":{"line":108,"column":19},"end":{"line":108,"column":31}},{"start":{"line":108,"column":35},"end":{"line":108,"column":46}}],"line":108},"14":{"loc":{"start":{"line":114,"column":6},"end":{"line":114,"column":97}},"type":"if","locations":[{"start":{"line":114,"column":6},"end":{"line":114,"column":97}},{"start":{},"end":{}}],"line":114},"15":{"loc":{"start":{"line":127,"column":19},"end":{"line":127,"column":46}},"type":"binary-expr","locations":[{"start":{"line":127,"column":19},"end":{"line":127,"column":31}},{"start":{"line":127,"column":35},"end":{"line":127,"column":46}}],"line":127},"16":{"loc":{"start":{"line":131,"column":57},"end":{"line":131,"column":71}},"type":"binary-expr","locations":[{"start":{"line":131,"column":57},"end":{"line":131,"column":63}},{"start":{"line":131,"column":67},"end":{"line":131,"column":71}}],"line":131},"17":{"loc":{"start":{"line":133,"column":6},"end":{"line":133,"column":97}},"type":"if","locations":[{"start":{"line":133,"column":6},"end":{"line":133,"column":97}},{"start":{},"end":{}}],"line":133},"18":{"loc":{"start":{"line":135,"column":156},"end":{"line":135,"column":183}},"type":"binary-expr","locations":[{"start":{"line":135,"column":156},"end":{"line":135,"column":162}},{"start":{"line":135,"column":166},"end":{"line":135,"column":183}}],"line":135},"19":{"loc":{"start":{"line":145,"column":19},"end":{"line":145,"column":46}},"type":"binary-expr","locations":[{"start":{"line":145,"column":19},"end":{"line":145,"column":31}},{"start":{"line":145,"column":35},"end":{"line":145,"column":46}}],"line":145},"20":{"loc":{"start":{"line":147,"column":6},"end":{"line":147,"column":83}},"type":"if","locations":[{"start":{"line":147,"column":6},"end":{"line":147,"column":83}},{"start":{},"end":{}}],"line":147},"21":{"loc":{"start":{"line":147,"column":10},"end":{"line":147,"column":58}},"type":"binary-expr","locations":[{"start":{"line":147,"column":10},"end":{"line":147,"column":26}},{"start":{"line":147,"column":30},"end":{"line":147,"column":58}}],"line":147},"22":{"loc":{"start":{"line":154,"column":8},"end":{"line":154,"column":26}},"type":"if","locations":[{"start":{"line":154,"column":8},"end":{"line":154,"column":26}},{"start":{},"end":{}}],"line":154},"23":{"loc":{"start":{"line":170,"column":19},"end":{"line":170,"column":46}},"type":"binary-expr","locations":[{"start":{"line":170,"column":19},"end":{"line":170,"column":31}},{"start":{"line":170,"column":35},"end":{"line":170,"column":46}}],"line":170},"24":{"loc":{"start":{"line":172,"column":6},"end":{"line":172,"column":94}},"type":"if","locations":[{"start":{"line":172,"column":6},"end":{"line":172,"column":94}},{"start":{},"end":{}}],"line":172},"25":{"loc":{"start":{"line":172,"column":10},"end":{"line":172,"column":58}},"type":"binary-expr","locations":[{"start":{"line":172,"column":10},"end":{"line":172,"column":26}},{"start":{"line":172,"column":30},"end":{"line":172,"column":58}}],"line":172},"26":{"loc":{"start":{"line":186,"column":10},"end":{"line":190,"column":11}},"type":"if","locations":[{"start":{"line":186,"column":10},"end":{"line":190,"column":11}},{"start":{"line":188,"column":17},"end":{"line":190,"column":11}}],"line":186},"27":{"loc":{"start":{"line":251,"column":4},"end":{"line":251,"column":84}},"type":"if","locations":[{"start":{"line":251,"column":4},"end":{"line":251,"column":84}},{"start":{},"end":{}}],"line":251},"28":{"loc":{"start":{"line":252,"column":4},"end":{"line":252,"column":82}},"type":"if","locations":[{"start":{"line":252,"column":4},"end":{"line":252,"column":82}},{"start":{},"end":{}}],"line":252}},"s":{"0":1,"1":1,"2":1,"3":2,"4":2,"5":2,"6":2,"7":2,"8":2,"9":2,"10":2,"11":2,"12":2,"13":4,"14":2,"15":2,"16":0,"17":0,"18":0,"19":0,"20":2,"21":1,"22":4,"23":4,"24":4,"25":1,"26":3,"27":3,"28":1,"29":2,"30":2,"31":1,"32":0,"33":0,"34":0,"35":0,"36":0,"37":0,"38":0,"39":0,"40":0,"41":0,"42":0,"43":0,"44":0,"45":1,"46":3,"47":3,"48":3,"49":3,"50":1,"51":2,"52":2,"53":2,"54":1,"55":0,"56":0,"57":0,"58":0,"59":0,"60":0,"61":0,"62":1,"63":0,"64":0,"65":0,"66":0,"67":0,"68":0,"69":0,"70":0,"71":0,"72":0,"73":0,"74":1,"75":3,"76":3,"77":3,"78":1,"79":2,"80":2,"81":2,"82":2,"83":1,"84":1,"85":1,"86":1,"87":0,"88":1,"89":1,"90":1,"91":1,"92":0,"93":0,"94":0,"95":0,"96":2,"97":1,"98":9,"99":9,"100":1,"101":1,"102":1,"103":1,"104":0,"105":0,"106":0},"f":{"0":1,"1":2,"2":4,"3":4,"4":0,"5":3,"6":0,"7":0,"8":3,"9":9,"10":1},"b":{"0":[2,0],"1":[2,0],"2":[2,0],"3":[4,0],"4":[1,3],"5":[3,1],"6":[1,2],"7":[0,0],"8":[0,0],"9":[0,0],"10":[0,0],"11":[0,0],"12":[0,0],"13":[3,0],"14":[1,2],"15":[0,0],"16":[0,0],"17":[0,0],"18":[0,0],"19":[0,0],"20":[0,0],"21":[0,0],"22":[0,0],"23":[3,0],"24":[1,2],"25":[3,3],"26":[1,0],"27":[1,0],"28":[0,0]},"_coverageSchema":"1a1c01bbd47fc00a2c39e90264f33305004495a9","hash":"9d224a82f6c075ebaed8ea00f2bb797f921903ef"}
,"/home/user/project/assets/asset-master-cleanup-cap/srv/rule-engine.js": {"path":"/home/user/project/assets/asset-master-cleanup-cap/srv/rule-engine.js","statementMap":{"0":{"start":{"line":12,"column":18},"end":{"line":18,"column":1}},"1":{"start":{"line":27,"column":2},"end":{"line":27,"column":30}},"2":{"start":{"line":27,"column":21},"end":{"line":27,"column":30}},"3":{"start":{"line":28,"column":18},"end":{"line":28,"column":86}},"4":{"start":{"line":29,"column":14},"end":{"line":29,"column":24}},"5":{"start":{"line":30,"column":2},"end":{"line":30,"column":61}},"6":{"start":{"line":41,"column":19},"end":{"line":41,"column":72}},"7":{"start":{"line":42,"column":16},"end":{"line":42,"column":31}},"8":{"start":{"line":44,"column":2},"end":{"line":59,"column":3}},"9":{"start":{"line":46,"column":6},"end":{"line":46,"column":67}},"10":{"start":{"line":49,"column":6},"end":{"line":49,"column":67}},"11":{"start":{"line":52,"column":6},"end":{"line":52,"column":48}},"12":{"start":{"line":52,"column":35},"end":{"line":52,"column":48}},"13":{"start":{"line":53,"column":23},"end":{"line":53,"column":61}},"14":{"start":{"line":54,"column":6},"end":{"line":54,"column":69}},"15":{"start":{"line":58,"column":6},"end":{"line":58,"column":19}},"16":{"start":{"line":70,"column":14},"end":{"line":70,"column":43}},"17":{"start":{"line":73,"column":2},"end":{"line":75,"column":3}},"18":{"start":{"line":74,"column":4},"end":{"line":74,"column":52}},"19":{"start":{"line":77,"column":25},"end":{"line":77,"column":27}},"20":{"start":{"line":78,"column":2},"end":{"line":82,"column":3}},"21":{"start":{"line":79,"column":4},"end":{"line":81,"column":5}},"22":{"start":{"line":80,"column":6},"end":{"line":80,"column":142}},"23":{"start":{"line":85,"column":20},"end":{"line":85,"column":105}},"24":{"start":{"line":86,"column":2},"end":{"line":86,"column":39}},"25":{"start":{"line":97,"column":21},"end":{"line":97,"column":23}},"26":{"start":{"line":98,"column":2},"end":{"line":104,"column":3}},"27":{"start":{"line":99,"column":4},"end":{"line":99,"column":33}},"28":{"start":{"line":99,"column":24},"end":{"line":99,"column":33}},"29":{"start":{"line":100,"column":19},"end":{"line":100,"column":44}},"30":{"start":{"line":101,"column":4},"end":{"line":103,"column":5}},"31":{"start":{"line":102,"column":6},"end":{"line":102,"column":71}},"32":{"start":{"line":105,"column":2},"end":{"line":105,"column":20}},"33":{"start":{"line":117,"column":81},"end":{"line":117,"column":109}},"34":{"start":{"line":120,"column":16},"end":{"line":122,"column":3}},"35":{"start":{"line":125,"column":2},"end":{"line":129,"column":3}},"36":{"start":{"line":126,"column":4},"end":{"line":128,"column":6}},"37":{"start":{"line":131,"column":2},"end":{"line":135,"column":3}},"38":{"start":{"line":132,"column":4},"end":{"line":132,"column":88}},"39":{"start":{"line":133,"column":4},"end":{"line":133,"column":151}},"40":{"start":{"line":134,"column":4},"end":{"line":134,"column":40}},"41":{"start":{"line":138,"column":17},"end":{"line":138,"column":44}},"42":{"start":{"line":139,"column":21},"end":{"line":139,"column":22}},"43":{"start":{"line":141,"column":2},"end":{"line":167,"column":3}},"44":{"start":{"line":142,"column":23},"end":{"line":142,"column":50}},"45":{"start":{"line":143,"column":16},"end":{"line":143,"column":45}},"46":{"start":{"line":145,"column":4},"end":{"line":166,"column":5}},"47":{"start":{"line":146,"column":6},"end":{"line":146,"column":21}},"48":{"start":{"line":147,"column":6},"end":{"line":165,"column":8}},"49":{"start":{"line":169,"column":2},"end":{"line":176,"column":4}},"50":{"start":{"line":178,"column":2},"end":{"line":178,"column":156}},"51":{"start":{"line":180,"column":2},"end":{"line":180,"column":61}}},"fnMap":{"0":{"name":"daysSince","decl":{"start":{"line":26,"column":16},"end":{"line":26,"column":25}},"loc":{"start":{"line":26,"column":40},"end":{"line":31,"column":1}},"line":26},"1":{"name":"evaluateFieldCondition","decl":{"start":{"line":40,"column":16},"end":{"line":40,"column":38}},"loc":{"start":{"line":40,"column":57},"end":{"line":60,"column":1}},"line":40},"2":{"name":"evaluateRule","decl":{"start":{"line":69,"column":16},"end":{"line":69,"column":28}},"loc":{"start":{"line":69,"column":42},"end":{"line":87,"column":1}},"line":69},"3":{"name":"evaluateAsset","decl":{"start":{"line":96,"column":16},"end":{"line":96,"column":29}},"loc":{"start":{"line":96,"column":44},"end":{"line":106,"column":1}},"line":96},"4":{"name":"runScan","decl":{"start":{"line":116,"column":22},"end":{"line":116,"column":29}},"loc":{"start":{"line":116,"column":49},"end":{"line":181,"column":1}},"line":116}},"branchMap":{"0":{"loc":{"start":{"line":27,"column":2},"end":{"line":27,"column":30}},"type":"if","locations":[{"start":{"line":27,"column":2},"end":{"line":27,"column":30}},{"start":{},"end":{}}],"line":27},"1":{"loc":{"start":{"line":28,"column":18},"end":{"line":28,"column":86}},"type":"cond-expr","locations":[{"start":{"line":28,"column":49},"end":{"line":28,"column":61}},{"start":{"line":28,"column":64},"end":{"line":28,"column":86}}],"line":28},"2":{"loc":{"start":{"line":41,"column":19},"end":{"line":41,"column":72}},"type":"binary-expr","locations":[{"start":{"line":41,"column":19},"end":{"line":41,"column":49}},{"start":{"line":41,"column":53},"end":{"line":41,"column":72}}],"line":41},"3":{"loc":{"start":{"line":44,"column":2},"end":{"line":59,"column":3}},"type":"switch","locations":[{"start":{"line":45,"column":4},"end":{"line":46,"column":67}},{"start":{"line":48,"column":4},"end":{"line":49,"column":67}},{"start":{"line":51,"column":4},"end":{"line":55,"column":5}},{"start":{"line":57,"column":4},"end":{"line":58,"column":19}}],"line":44},"4":{"loc":{"start":{"line":46,"column":13},"end":{"line":46,"column":66}},"type":"binary-expr","locations":[{"start":{"line":46,"column":13},"end":{"line":46,"column":27}},{"start":{"line":46,"column":31},"end":{"line":46,"column":50}},{"start":{"line":46,"column":54},"end":{"line":46,"column":66}}],"line":46},"5":{"loc":{"start":{"line":49,"column":13},"end":{"line":49,"column":66}},"type":"binary-expr","locations":[{"start":{"line":49,"column":13},"end":{"line":49,"column":27}},{"start":{"line":49,"column":31},"end":{"line":49,"column":50}},{"start":{"line":49,"column":54},"end":{"line":49,"column":66}}],"line":49},"6":{"loc":{"start":{"line":52,"column":6},"end":{"line":52,"column":48}},"type":"if","locations":[{"start":{"line":52,"column":6},"end":{"line":52,"column":48}},{"start":{},"end":{}}],"line":52},"7":{"loc":{"start":{"line":53,"column":24},"end":{"line":53,"column":35}},"type":"binary-expr","locations":[{"start":{"line":53,"column":24},"end":{"line":53,"column":29}},{"start":{"line":53,"column":33},"end":{"line":53,"column":35}}],"line":53},"8":{"loc":{"start":{"line":73,"column":2},"end":{"line":75,"column":3}},"type":"if","locations":[{"start":{"line":73,"column":2},"end":{"line":75,"column":3}},{"start":{},"end":{}}],"line":73},"9":{"loc":{"start":{"line":78,"column":26},"end":{"line":78,"column":47}},"type":"binary-expr","locations":[{"start":{"line":78,"column":26},"end":{"line":78,"column":41}},{"start":{"line":78,"column":45},"end":{"line":78,"column":47}}],"line":78},"10":{"loc":{"start":{"line":79,"column":4},"end":{"line":81,"column":5}},"type":"if","locations":[{"start":{"line":79,"column":4},"end":{"line":81,"column":5}},{"start":{},"end":{}}],"line":79},"11":{"loc":{"start":{"line":80,"column":78},"end":{"line":80,"column":138}},"type":"cond-expr","locations":[{"start":{"line":80,"column":103},"end":{"line":80,"column":133}},{"start":{"line":80,"column":136},"end":{"line":80,"column":138}}],"line":80},"12":{"loc":{"start":{"line":85,"column":20},"end":{"line":85,"column":105}},"type":"binary-expr","locations":[{"start":{"line":85,"column":20},"end":{"line":85,"column":76}},{"start":{"line":85,"column":80},"end":{"line":85,"column":105}}],"line":85},"13":{"loc":{"start":{"line":85,"column":47},"end":{"line":85,"column":68}},"type":"binary-expr","locations":[{"start":{"line":85,"column":47},"end":{"line":85,"column":62}},{"start":{"line":85,"column":66},"end":{"line":85,"column":68}}],"line":85},"14":{"loc":{"start":{"line":99,"column":4},"end":{"line":99,"column":33}},"type":"if","locations":[{"start":{"line":99,"column":4},"end":{"line":99,"column":33}},{"start":{},"end":{}}],"line":99},"15":{"loc":{"start":{"line":101,"column":4},"end":{"line":103,"column":5}},"type":"if","locations":[{"start":{"line":101,"column":4},"end":{"line":103,"column":5}},{"start":{},"end":{}}],"line":101},"16":{"loc":{"start":{"line":131,"column":2},"end":{"line":135,"column":3}},"type":"if","locations":[{"start":{"line":131,"column":2},"end":{"line":135,"column":3}},{"start":{},"end":{}}],"line":131},"17":{"loc":{"start":{"line":158,"column":32},"end":{"line":158,"column":66}},"type":"binary-expr","locations":[{"start":{"line":158,"column":32},"end":{"line":158,"column":58}},{"start":{"line":158,"column":62},"end":{"line":158,"column":66}}],"line":158},"18":{"loc":{"start":{"line":159,"column":35},"end":{"line":159,"column":72}},"type":"binary-expr","locations":[{"start":{"line":159,"column":35},"end":{"line":159,"column":64}},{"start":{"line":159,"column":68},"end":{"line":159,"column":72}}],"line":159},"19":{"loc":{"start":{"line":160,"column":33},"end":{"line":160,"column":68}},"type":"binary-expr","locations":[{"start":{"line":160,"column":33},"end":{"line":160,"column":60}},{"start":{"line":160,"column":64},"end":{"line":160,"column":68}}],"line":160}},"s":{"0":2,"1":129,"2":1,"3":128,"4":128,"5":128,"6":215,"7":215,"8":215,"9":130,"10":1,"11":83,"12":0,"13":83,"14":83,"15":1,"16":87,"17":87,"18":2,"19":85,"20":85,"21":209,"22":104,"23":85,"24":85,"25":44,"26":44,"27":84,"28":1,"29":83,"30":83,"31":29,"32":44,"33":2,"34":2,"35":2,"36":4,"37":2,"38":0,"39":0,"40":0,"41":2,"42":2,"43":2,"44":40,"45":40,"46":40,"47":28,"48":28,"49":2,"50":2,"51":2},"f":{"0":129,"1":215,"2":87,"3":44,"4":2},"b":{"0":[1,128],"1":[1,127],"2":[215,0],"3":[130,1,83,1],"4":[130,38,38],"5":[1,1,1],"6":[0,83],"7":[83,0],"8":[2,85],"9":[85,0],"10":[104,105],"11":[13,91],"12":[85,31],"13":[85,0],"14":[1,83],"15":[29,54],"16":[0,2],"17":[28,28],"18":[28,28],"19":[28,28]},"_coverageSchema":"1a1c01bbd47fc00a2c39e90264f33305004495a9","hash":"1af6e207a0904c74914fbb828b06bbfe6398e250"}
,"/home/user/project/assets/asset-master-cleanup-cap/srv/s4-integration.js": {"path":"/home/user/project/assets/asset-master-cleanup-cap/srv/s4-integration.js","statementMap":{"0":{"start":{"line":2,"column":16},"end":{"line":2,"column":46}},"1":{"start":{"line":4,"column":18},"end":{"line":4,"column":59}},"2":{"start":{"line":15,"column":2},"end":{"line":15,"column":34}},"3":{"start":{"line":19,"column":2},"end":{"line":23,"column":4}},"4":{"start":{"line":27,"column":2},"end":{"line":30,"column":3}},"5":{"start":{"line":28,"column":20},"end":{"line":28,"column":79}},"6":{"start":{"line":29,"column":4},"end":{"line":29,"column":30}},"7":{"start":{"line":31,"column":2},"end":{"line":31,"column":19}},"8":{"start":{"line":41,"column":2},"end":{"line":44,"column":3}},"9":{"start":{"line":42,"column":4},"end":{"line":42,"column":105}},"10":{"start":{"line":43,"column":4},"end":{"line":43,"column":21}},"11":{"start":{"line":46,"column":15},"end":{"line":46,"column":31}},"12":{"start":{"line":47,"column":14},"end":{"line":47,"column":141}},"13":{"start":{"line":49,"column":18},"end":{"line":49,"column":84}},"14":{"start":{"line":50,"column":14},"end":{"line":50,"column":36}},"15":{"start":{"line":51,"column":2},"end":{"line":51,"column":42}},"16":{"start":{"line":51,"column":11},"end":{"line":51,"column":42}},"17":{"start":{"line":53,"column":19},"end":{"line":53,"column":63}},"18":{"start":{"line":54,"column":2},"end":{"line":56,"column":3}},"19":{"start":{"line":55,"column":4},"end":{"line":55,"column":98}},"20":{"start":{"line":58,"column":15},"end":{"line":58,"column":36}},"21":{"start":{"line":59,"column":15},"end":{"line":59,"column":31}},"22":{"start":{"line":62,"column":2},"end":{"line":75,"column":5}},"23":{"start":{"line":63,"column":19},"end":{"line":63,"column":59}},"24":{"start":{"line":64,"column":4},"end":{"line":74,"column":6}},"25":{"start":{"line":87,"column":2},"end":{"line":90,"column":3}},"26":{"start":{"line":88,"column":4},"end":{"line":88,"column":114}},"27":{"start":{"line":89,"column":4},"end":{"line":89,"column":105}},"28":{"start":{"line":92,"column":15},"end":{"line":92,"column":31}},"29":{"start":{"line":93,"column":14},"end":{"line":93,"column":135}},"30":{"start":{"line":95,"column":18},"end":{"line":95,"column":84}},"31":{"start":{"line":96,"column":14},"end":{"line":96,"column":36}},"32":{"start":{"line":97,"column":2},"end":{"line":97,"column":42}},"33":{"start":{"line":97,"column":11},"end":{"line":97,"column":42}},"34":{"start":{"line":99,"column":15},"end":{"line":99,"column":119}},"35":{"start":{"line":100,"column":19},"end":{"line":100,"column":70}},"36":{"start":{"line":102,"column":2},"end":{"line":105,"column":3}},"37":{"start":{"line":103,"column":17},"end":{"line":103,"column":71}},"38":{"start":{"line":103,"column":51},"end":{"line":103,"column":70}},"39":{"start":{"line":104,"column":4},"end":{"line":104,"column":70}},"40":{"start":{"line":107,"column":18},"end":{"line":107,"column":39}},"41":{"start":{"line":108,"column":2},"end":{"line":108,"column":46}},"42":{"start":{"line":120,"column":2},"end":{"line":123,"column":3}},"43":{"start":{"line":121,"column":4},"end":{"line":121,"column":113}},"44":{"start":{"line":122,"column":4},"end":{"line":122,"column":105}},"45":{"start":{"line":125,"column":15},"end":{"line":125,"column":31}},"46":{"start":{"line":126,"column":16},"end":{"line":126,"column":53}},"47":{"start":{"line":128,"column":23},"end":{"line":128,"column":119}},"48":{"start":{"line":129,"column":14},"end":{"line":129,"column":139}},"49":{"start":{"line":131,"column":18},"end":{"line":131,"column":84}},"50":{"start":{"line":132,"column":14},"end":{"line":132,"column":36}},"51":{"start":{"line":133,"column":2},"end":{"line":133,"column":42}},"52":{"start":{"line":133,"column":11},"end":{"line":133,"column":42}},"53":{"start":{"line":135,"column":15},"end":{"line":138,"column":4}},"54":{"start":{"line":140,"column":19},"end":{"line":140,"column":70}},"55":{"start":{"line":142,"column":2},"end":{"line":145,"column":3}},"56":{"start":{"line":143,"column":17},"end":{"line":143,"column":71}},"57":{"start":{"line":143,"column":51},"end":{"line":143,"column":70}},"58":{"start":{"line":144,"column":4},"end":{"line":144,"column":69}},"59":{"start":{"line":147,"column":18},"end":{"line":147,"column":39}},"60":{"start":{"line":148,"column":2},"end":{"line":148,"column":46}}},"fnMap":{"0":{"name":"isMockMode","decl":{"start":{"line":14,"column":9},"end":{"line":14,"column":19}},"loc":{"start":{"line":14,"column":22},"end":{"line":16,"column":1}},"line":14},"1":{"name":"getDestination","decl":{"start":{"line":18,"column":9},"end":{"line":18,"column":23}},"loc":{"start":{"line":18,"column":26},"end":{"line":24,"column":1}},"line":18},"2":{"name":"buildBasicHeader","decl":{"start":{"line":26,"column":9},"end":{"line":26,"column":25}},"loc":{"start":{"line":26,"column":32},"end":{"line":32,"column":1}},"line":26},"3":{"name":"fetchFixedAssets","decl":{"start":{"line":40,"column":22},"end":{"line":40,"column":38}},"loc":{"start":{"line":40,"column":41},"end":{"line":76,"column":1}},"line":40},"4":{"name":"(anonymous_4)","decl":{"start":{"line":62,"column":17},"end":{"line":62,"column":18}},"loc":{"start":{"line":62,"column":26},"end":{"line":75,"column":3}},"line":62},"5":{"name":"retireAsset","decl":{"start":{"line":86,"column":22},"end":{"line":86,"column":33}},"loc":{"start":{"line":86,"column":77},"end":{"line":109,"column":1}},"line":86},"6":{"name":"(anonymous_6)","decl":{"start":{"line":103,"column":45},"end":{"line":103,"column":46}},"loc":{"start":{"line":103,"column":51},"end":{"line":103,"column":70}},"line":103},"7":{"name":"blockAsset","decl":{"start":{"line":119,"column":22},"end":{"line":119,"column":32}},"loc":{"start":{"line":119,"column":76},"end":{"line":149,"column":1}},"line":119},"8":{"name":"(anonymous_8)","decl":{"start":{"line":143,"column":45},"end":{"line":143,"column":46}},"loc":{"start":{"line":143,"column":51},"end":{"line":143,"column":70}},"line":143}},"branchMap":{"0":{"loc":{"start":{"line":27,"column":2},"end":{"line":30,"column":3}},"type":"if","locations":[{"start":{"line":27,"column":2},"end":{"line":30,"column":3}},{"start":{},"end":{}}],"line":27},"1":{"loc":{"start":{"line":27,"column":6},"end":{"line":27,"column":28}},"type":"binary-expr","locations":[{"start":{"line":27,"column":6},"end":{"line":27,"column":15}},{"start":{"line":27,"column":19},"end":{"line":27,"column":28}}],"line":27},"2":{"loc":{"start":{"line":41,"column":2},"end":{"line":44,"column":3}},"type":"if","locations":[{"start":{"line":41,"column":2},"end":{"line":44,"column":3}},{"start":{},"end":{}}],"line":41},"3":{"loc":{"start":{"line":51,"column":2},"end":{"line":51,"column":42}},"type":"if","locations":[{"start":{"line":51,"column":2},"end":{"line":51,"column":42}},{"start":{},"end":{}}],"line":51},"4":{"loc":{"start":{"line":54,"column":2},"end":{"line":56,"column":3}},"type":"if","locations":[{"start":{"line":54,"column":2},"end":{"line":56,"column":3}},{"start":{},"end":{}}],"line":54},"5":{"loc":{"start":{"line":59,"column":15},"end":{"line":59,"column":31}},"type":"binary-expr","locations":[{"start":{"line":59,"column":15},"end":{"line":59,"column":25}},{"start":{"line":59,"column":29},"end":{"line":59,"column":31}}],"line":59},"6":{"loc":{"start":{"line":63,"column":19},"end":{"line":63,"column":59}},"type":"binary-expr","locations":[{"start":{"line":63,"column":19},"end":{"line":63,"column":53}},{"start":{"line":63,"column":57},"end":{"line":63,"column":59}}],"line":63},"7":{"loc":{"start":{"line":63,"column":20},"end":{"line":63,"column":49}},"type":"binary-expr","locations":[{"start":{"line":63,"column":20},"end":{"line":63,"column":43}},{"start":{"line":63,"column":47},"end":{"line":63,"column":49}}],"line":63},"8":{"loc":{"start":{"line":71,"column":28},"end":{"line":71,"column":63}},"type":"binary-expr","locations":[{"start":{"line":71,"column":28},"end":{"line":71,"column":55}},{"start":{"line":71,"column":59},"end":{"line":71,"column":63}}],"line":71},"9":{"loc":{"start":{"line":72,"column":31},"end":{"line":72,"column":69}},"type":"binary-expr","locations":[{"start":{"line":72,"column":31},"end":{"line":72,"column":61}},{"start":{"line":72,"column":65},"end":{"line":72,"column":69}}],"line":72},"10":{"loc":{"start":{"line":73,"column":29},"end":{"line":73,"column":65}},"type":"binary-expr","locations":[{"start":{"line":73,"column":29},"end":{"line":73,"column":57}},{"start":{"line":73,"column":61},"end":{"line":73,"column":65}}],"line":73},"11":{"loc":{"start":{"line":87,"column":2},"end":{"line":90,"column":3}},"type":"if","locations":[{"start":{"line":87,"column":2},"end":{"line":90,"column":3}},{"start":{},"end":{}}],"line":87},"12":{"loc":{"start":{"line":97,"column":2},"end":{"line":97,"column":42}},"type":"if","locations":[{"start":{"line":97,"column":2},"end":{"line":97,"column":42}},{"start":{},"end":{}}],"line":97},"13":{"loc":{"start":{"line":102,"column":2},"end":{"line":105,"column":3}},"type":"if","locations":[{"start":{"line":102,"column":2},"end":{"line":105,"column":3}},{"start":{},"end":{}}],"line":102},"14":{"loc":{"start":{"line":120,"column":2},"end":{"line":123,"column":3}},"type":"if","locations":[{"start":{"line":120,"column":2},"end":{"line":123,"column":3}},{"start":{},"end":{}}],"line":120},"15":{"loc":{"start":{"line":133,"column":2},"end":{"line":133,"column":42}},"type":"if","locations":[{"start":{"line":133,"column":2},"end":{"line":133,"column":42}},{"start":{},"end":{}}],"line":133},"16":{"loc":{"start":{"line":142,"column":2},"end":{"line":145,"column":3}},"type":"if","locations":[{"start":{"line":142,"column":2},"end":{"line":145,"column":3}},{"start":{},"end":{}}],"line":142}},"s":{"0":1,"1":1,"2":3,"3":0,"4":0,"5":0,"6":0,"7":0,"8":2,"9":2,"10":2,"11":0,"12":0,"13":0,"14":0,"15":0,"16":0,"17":0,"18":0,"19":0,"20":0,"21":0,"22":0,"23":0,"24":0,"25":1,"26":1,"27":1,"28":0,"29":0,"30":0,"31":0,"32":0,"33":0,"34":0,"35":0,"36":0,"37":0,"38":0,"39":0,"40":0,"41":0,"42":0,"43":0,"44":0,"45":0,"46":0,"47":0,"48":0,"49":0,"50":0,"51":0,"52":0,"53":0,"54":0,"55":0,"56":0,"57":0,"58":0,"59":0,"60":0},"f":{"0":3,"1":0,"2":0,"3":2,"4":0,"5":1,"6":0,"7":0,"8":0},"b":{"0":[0,0],"1":[0,0],"2":[2,0],"3":[0,0],"4":[0,0],"5":[0,0],"6":[0,0],"7":[0,0],"8":[0,0],"9":[0,0],"10":[0,0],"11":[1,0],"12":[0,0],"13":[0,0],"14":[0,0],"15":[0,0],"16":[0,0]},"_coverageSchema":"1a1c01bbd47fc00a2c39e90264f33305004495a9","hash":"b0fb379c7f0359f0b8015c81d4d5f27321333b6d"}
}
