TN:
SF:srv/email-service.js
FN:11,isMockMode
FN:22,sendScanAlert
FN:43,sendApprovalRequest
FN:61,_postAlert
FN:79,(anonymous_4)
FNF:5
FNH:2
FNDA:2,isMockMode
FNDA:2,sendScanAlert
FNDA:0,sendApprovalRequest
FNDA:0,_postAlert
FNDA:0,(anonymous_4)
DA:12,2
DA:23,2
DA:25,2
DA:29,2
DA:30,2
DA:31,2
DA:34,0
DA:44,0
DA:46,0
DA:50,0
DA:51,0
DA:52,0
DA:55,0
DA:62,0
DA:63,0
DA:72,0
DA:73,0
DA:74,0
DA:77,0
DA:78,0
DA:79,0
DA:80,0
LF:22
LH:6
BRDA:29,0,0,2
BRDA:29,0,1,0
BRDA:50,1,0,0
BRDA:50,1,1,0
BRDA:73,2,0,0
BRDA:73,2,1,0
BRDA:78,3,0,0
BRDA:78,3,1,0
BRF:8
BRH:1
end_of_record
TN:
SF:srv/monitoring-service.js
FN:9,(anonymous_0)
FN:15,(anonymous_1)
FN:40,(anonymous_2)
FN:56,(anonymous_3)
FN:78,(anonymous_4)
FN:106,(anonymous_5)
FN:125,(anonymous_6)
FN:143,(anonymous_7)
FN:168,(anonymous_8)
FN:227,(anonymous_9)
FN:245,(anonymous_10)
FNF:11
FNH:8
FNDA:1,(anonymous_0)
FNDA:2,(anonymous_1)
FNDA:4,(anonymous_2)
FNDA:4,(anonymous_3)
FNDA:0,(anonymous_4)
FNDA:3,(anonymous_5)
FNDA:0,(anonymous_6)
FNDA:0,(anonymous_7)
FNDA:3,(anonymous_8)
FNDA:9,(anonymous_9)
FNDA:1,(anonymous_10)
DA:5,1
DA:10,1
DA:15,1
DA:16,2
DA:17,2
DA:19,2
DA:28,2
DA:30,2
DA:31,2
DA:33,2
DA:38,2
DA:39,2
DA:40,4
DA:41,2
DA:44,0
DA:45,0
DA:46,0
DA:47,0
DA:50,2
DA:56,1
DA:57,4
DA:58,4
DA:60,4
DA:61,1
DA:64,3
DA:68,3
DA:70,2
DA:72,2
DA:78,1
DA:79,0
DA:80,0
DA:82,0
DA:83,0
DA:85,0
DA:87,0
DA:88,0
DA:89,0
DA:92,0
DA:95,0
DA:100,0
DA:106,1
DA:107,3
DA:108,3
DA:110,3
DA:114,3
DA:116,2
DA:117,2
DA:119,2
DA:125,1
DA:126,0
DA:127,0
DA:129,0
DA:133,0
DA:135,0
DA:137,0
DA:143,1
DA:144,0
DA:145,0
DA:147,0
DA:149,0
DA:150,0
DA:151,0
DA:154,0
DA:157,0
DA:162,0
DA:168,1
DA:169,3
DA:170,3
DA:172,3
DA:174,2
DA:178,2
DA:179,2
DA:181,2
DA:182,1
DA:183,1
DA:186,1
DA:187,1
DA:189,0
DA:192,1
DA:199,1
DA:200,1
DA:201,1
DA:204,0
DA:211,0
DA:212,0
DA:213,0
DA:217,2
DA:220,1
DA:228,9
DA:229,9
DA:246,1
DA:247,1
DA:251,1
DA:252,0
DA:253,0
LF:95
LH:58
BRDA:17,0,0,2
BRDA:17,0,1,0
BRDA:38,1,0,2
BRDA:38,1,1,0
BRDA:41,2,0,2
BRDA:41,2,1,0
BRDA:58,3,0,4
BRDA:58,3,1,0
BRDA:60,4,0,1
BRDA:60,4,1,3
BRDA:66,5,0,3
BRDA:66,5,1,1
BRDA:68,6,0,1
BRDA:68,6,1,2
BRDA:80,7,0,0
BRDA:80,7,1,0
BRDA:82,8,0,0
BRDA:82,8,1,0
BRDA:85,9,0,0
BRDA:85,9,1,0
BRDA:85,10,0,0
BRDA:85,10,1,0
BRDA:91,11,0,0
BRDA:91,11,1,0
BRDA:92,12,0,0
BRDA:92,12,1,0
BRDA:108,13,0,3
BRDA:108,13,1,0
BRDA:114,14,0,1
BRDA:114,14,1,2
BRDA:127,15,0,0
BRDA:127,15,1,0
BRDA:131,16,0,0
BRDA:131,16,1,0
BRDA:133,17,0,0
BRDA:133,17,1,0
BRDA:135,18,0,0
BRDA:135,18,1,0
BRDA:145,19,0,0
BRDA:145,19,1,0
BRDA:147,20,0,0
BRDA:147,20,1,0
BRDA:147,21,0,0
BRDA:147,21,1,0
BRDA:154,22,0,0
BRDA:154,22,1,0
BRDA:170,23,0,3
BRDA:170,23,1,0
BRDA:172,24,0,1
BRDA:172,24,1,2
BRDA:172,25,0,3
BRDA:172,25,1,3
BRDA:186,26,0,1
BRDA:186,26,1,0
BRDA:251,27,0,1
BRDA:251,27,1,0
BRDA:252,28,0,0
BRDA:252,28,1,0
BRF:58
BRH:20
end_of_record
TN:
SF:srv/rule-engine.js
FN:26,daysSince
FN:40,evaluateFieldCondition
FN:69,evaluateRule
FN:96,evaluateAsset
FN:116,runScan
FNF:5
FNH:5
FNDA:129,daysSince
FNDA:215,evaluateFieldCondition
FNDA:87,evaluateRule
FNDA:44,evaluateAsset
FNDA:2,runScan
DA:12,2
DA:27,129
DA:28,128
DA:29,128
DA:30,128
DA:41,215
DA:42,215
DA:44,215
DA:46,130
DA:49,1
DA:52,83
DA:53,83
DA:54,83
DA:58,1
DA:70,87
DA:73,87
DA:74,2
DA:77,85
DA:78,85
DA:79,209
DA:80,104
DA:85,85
DA:86,85
DA:97,44
DA:98,44
DA:99,84
DA:100,83
DA:101,83
DA:102,29
DA:105,44
DA:117,2
DA:120,2
DA:125,2
DA:126,4
DA:131,2
DA:132,0
DA:133,0
DA:134,0
DA:138,2
DA:139,2
DA:141,2
DA:142,40
DA:143,40
DA:145,40
DA:146,28
DA:147,28
DA:169,2
DA:178,2
DA:180,2
LF:49
LH:46
BRDA:27,0,0,1
BRDA:27,0,1,128
BRDA:28,1,0,1
BRDA:28,1,1,127
BRDA:41,2,0,215
BRDA:41,2,1,0
BRDA:44,3,0,130
BRDA:44,3,1,1
BRDA:44,3,2,83
BRDA:44,3,3,1
BRDA:46,4,0,130
BRDA:46,4,1,38
BRDA:46,4,2,38
BRDA:49,5,0,1
BRDA:49,5,1,1
BRDA:49,5,2,1
BRDA:52,6,0,0
BRDA:52,6,1,83
BRDA:53,7,0,83
BRDA:53,7,1,0
BRDA:73,8,0,2
BRDA:73,8,1,85
BRDA:78,9,0,85
BRDA:78,9,1,0
BRDA:79,10,0,104
BRDA:79,10,1,105
BRDA:80,11,0,13
BRDA:80,11,1,91
BRDA:85,12,0,85
BRDA:85,12,1,31
BRDA:85,13,0,85
BRDA:85,13,1,0
BRDA:99,14,0,1
BRDA:99,14,1,83
BRDA:101,15,0,29
BRDA:101,15,1,54
BRDA:131,16,0,0
BRDA:131,16,1,2
BRDA:158,17,0,28
BRDA:158,17,1,28
BRDA:159,18,0,28
BRDA:159,18,1,28
BRDA:160,19,0,28
BRDA:160,19,1,28
BRF:44
BRH:38
end_of_record
TN:
SF:srv/s4-integration.js
FN:14,isMockMode
FN:18,getDestination
FN:26,buildBasicHeader
FN:40,fetchFixedAssets
FN:62,(anonymous_4)
FN:86,retireAsset
FN:103,(anonymous_6)
FN:119,blockAsset
FN:143,(anonymous_8)
FNF:9
FNH:3
FNDA:3,isMockMode
FNDA:0,getDestination
FNDA:0,buildBasicHeader
FNDA:2,fetchFixedAssets
FNDA:0,(anonymous_4)
FNDA:1,retireAsset
FNDA:0,(anonymous_6)
FNDA:0,blockAsset
FNDA:0,(anonymous_8)
DA:2,1
DA:4,1
DA:15,3
DA:19,0
DA:27,0
DA:28,0
DA:29,0
DA:31,0
DA:41,2
DA:42,2
DA:43,2
DA:46,0
DA:47,0
DA:49,0
DA:50,0
DA:51,0
DA:53,0
DA:54,0
DA:55,0
DA:58,0
DA:59,0
DA:62,0
DA:63,0
DA:64,0
DA:87,1
DA:88,1
DA:89,1
DA:92,0
DA:93,0
DA:95,0
DA:96,0
DA:97,0
DA:99,0
DA:100,0
DA:102,0
DA:103,0
DA:104,0
DA:107,0
DA:108,0
DA:120,0
DA:121,0
DA:122,0
DA:125,0
DA:126,0
DA:128,0
DA:129,0
DA:131,0
DA:132,0
DA:133,0
DA:135,0
DA:140,0
DA:142,0
DA:143,0
DA:144,0
DA:147,0
DA:148,0
LF:56
LH:9
BRDA:27,0,0,0
BRDA:27,0,1,0
BRDA:27,1,0,0
BRDA:27,1,1,0
BRDA:41,2,0,2
BRDA:41,2,1,0
BRDA:51,3,0,0
BRDA:51,3,1,0
BRDA:54,4,0,0
BRDA:54,4,1,0
BRDA:59,5,0,0
BRDA:59,5,1,0
BRDA:63,6,0,0
BRDA:63,6,1,0
BRDA:63,7,0,0
BRDA:63,7,1,0
BRDA:71,8,0,0
BRDA:71,8,1,0
BRDA:72,9,0,0
BRDA:72,9,1,0
BRDA:73,10,0,0
BRDA:73,10,1,0
BRDA:87,11,0,1
BRDA:87,11,1,0
BRDA:97,12,0,0
BRDA:97,12,1,0
BRDA:102,13,0,0
BRDA:102,13,1,0
BRDA:120,14,0,0
BRDA:120,14,1,0
BRDA:133,15,0,0
BRDA:133,15,1,0
BRDA:142,16,0,0
BRDA:142,16,1,0
BRF:34
BRH:2
end_of_record
